[debug] [2021-02-23T11:08:36.985Z] ----------------------------------------------------------------------
[debug] [2021-02-23T11:08:36.987Z] Command:       C:\Program Files\nodejs\node.exe C:\Users\Ammuuu\AppData\Roaming\npm\node_modules\firebase-tools\lib\bin\firebase.js init
[debug] [2021-02-23T11:08:36.987Z] CLI Version:   8.11.2
[debug] [2021-02-23T11:08:36.987Z] Platform:      win32
[debug] [2021-02-23T11:08:36.987Z] Node Version:  v12.14.1
[debug] [2021-02-23T11:08:36.988Z] Time:          Tue Feb 23 2021 16:38:36 GMT+0530 (India Standard Time)
[debug] [2021-02-23T11:08:36.989Z] ----------------------------------------------------------------------
[debug] [2021-02-23T11:08:36.989Z] 
[debug] [2021-02-23T11:08:36.995Z] > command requires scopes: ["email","openid","https://www.googleapis.com/auth/cloudplatformprojects.readonly","https://www.googleapis.com/auth/firebase","https://www.googleapis.com/auth/cloud-platform"]
[debug] [2021-02-23T11:08:36.995Z] > authorizing via signed-in user
[info] 
     ######## #### ########  ######## ########     ###     ######  ########
     ##        ##  ##     ## ##       ##     ##  ##   ##  ##       ##
     ######    ##  ########  ######   ########  #########  ######  ######
     ##        ##  ##    ##  ##       ##     ## ##     ##       ## ##
     ##       #### ##     ## ######## ########  ##     ##  ######  ########

You're about to initialize a Firebase project in this directory:

  C:\Users\Ammuuu\Downloads\learning\Work\Maqbool Jummuah Registration\maqbool-jummuah-registration

[info] 
=== Project Setup
[info] 
[info] First, let's associate this project directory with a Firebase project.
[info] You can create multiple project aliases by running firebase use --add, 
[info] but for now we'll just set up a default project.
[info] 
[debug] [2021-02-23T11:08:41.237Z] >>> HTTP REQUEST GET https://firebase.googleapis.com/v1beta1/projects?pageSize=100  
 
[debug] [2021-02-23T11:08:41.918Z] <<< HTTP RESPONSE 200 {"content-type":"application/json; charset=UTF-8","vary":"X-Origin, Referer, Origin,Accept-Encoding","date":"Tue, 23 Feb 2021 11:08:42 GMT","server":"ESF","cache-control":"private","x-xss-protection":"0","x-frame-options":"SAMEORIGIN","x-content-type-options":"nosniff","alt-svc":"h3-29=\":443\"; ma=2592000,h3-T051=\":443\"; ma=2592000,h3-Q050=\":443\"; ma=2592000,h3-Q046=\":443\"; ma=2592000,h3-Q043=\":443\"; ma=2592000,quic=\":443\"; ma=2592000; v=\"46,43\"","accept-ranges":"none","transfer-encoding":"chunked"}
